[Licensing::Module] Trying to connect to existing licensing client channel...
Built from '6000.2/respin/6000.2.6f2-cc51a95c03' branch; Version is '6000.2.6f2 (4a4dcaec6541) revision 4869578'; Using compiler version '194234433'; Build Type 'Release'
[Licensing::IpcConnector] Successfully connected to: "LicenseClient-Hector" at "2025-10-26T08:04:44.983643Z"
OS: 'Windows 10  (10.0.19045) 64bit Professional' Language: 'es' Physical Memory: 16326 MB
BatchMode: 1, IsHumanControllingUs: 0, StartBugReporterOnCrash: 0, Is64bit: 1
Date: 2025-10-26T08:04:44Z

COMMAND LINE ARGUMENTS:
D:\Unity\6000.2.6f2\Editor\Unity.exe
-adb2
-batchMode
-noUpm
-name
AssetImportWorker1
-projectPath
D:/factorial-omega-win-64/MiniGame2D/MDRG-mini2D/MDRG_MiniGame1
-logFile
Logs/AssetImportWorker1.log
-srvPort
60705
-licensingIpc
LicenseClient-Hector
-job-worker-count
3
-background-job-worker-count
8
-gc-helper-count
1
-name
AssetImport
Successfully changed project path to: D:/factorial-omega-win-64/MiniGame2D/MDRG-mini2D/MDRG_MiniGame1
D:/factorial-omega-win-64/MiniGame2D/MDRG-mini2D/MDRG_MiniGame1
[UnityMemory] Configuration Parameters - Can be set up in boot.config
    "memorysetup-allocator-temp-initial-block-size-main=262144"
    "memorysetup-allocator-temp-initial-block-size-worker=262144"
    "memorysetup-bucket-allocator-granularity=16"
    "memorysetup-bucket-allocator-bucket-count=8"
    "memorysetup-bucket-allocator-block-size=33554432"
    "memorysetup-bucket-allocator-block-count=8"
    "memorysetup-main-allocator-block-size=16777216"
    "memorysetup-thread-allocator-block-size=16777216"
    "memorysetup-gfx-main-allocator-block-size=16777216"
    "memorysetup-gfx-thread-allocator-block-size=16777216"
    "memorysetup-cache-allocator-block-size=4194304"
    "memorysetup-typetree-allocator-block-size=2097152"
    "memorysetup-profiler-bucket-allocator-granularity=16"
    "memorysetup-profiler-bucket-allocator-bucket-count=8"
    "memorysetup-profiler-bucket-allocator-block-size=33554432"
    "memorysetup-profiler-bucket-allocator-block-count=8"
    "memorysetup-profiler-allocator-block-size=16777216"
    "memorysetup-profiler-editor-allocator-block-size=1048576"
    "memorysetup-temp-allocator-size-main=16777216"
    "memorysetup-job-temp-allocator-block-size=2097152"
    "memorysetup-job-temp-allocator-block-size-background=1048576"
    "memorysetup-job-temp-allocator-reduction-small-platforms=262144"
    "memorysetup-temp-allocator-size-background-worker=32768"
    "memorysetup-temp-allocator-size-job-worker=262144"
    "memorysetup-temp-allocator-size-preload-manager=33554432"
    "memorysetup-temp-allocator-size-nav-mesh-worker=65536"
    "memorysetup-temp-allocator-size-audio-worker=65536"
    "memorysetup-temp-allocator-size-cloud-worker=32768"
    "memorysetup-temp-allocator-size-gi-baking-worker=262144"
    "memorysetup-temp-allocator-size-gi-baking-worker=262144"
    "memorysetup-temp-allocator-size-gi-baking-worker=262144"
    "memorysetup-temp-allocator-size-gi-baking-worker=262144"
    "memorysetup-temp-allocator-size-gi-baking-worker=262144"
    "memorysetup-temp-allocator-size-gfx=262144"
Player connection [15572]  Target information:

Player connection [15572]  * "[IP] 192.168.1.39 [Port] 0 [Flags] 2 [Guid] 175043592 [EditorId] 175043592 [Version] 1048832 [Id] WindowsEditor(7,DESKTOP-G081KS2) [Debug] 1 [PackageName] WindowsEditor [ProjectName] Editor" 

Player connection [15572] Host joined multi-casting on [225.0.0.222:54997]...
Player connection [15572] Host joined alternative multi-casting on [225.0.0.222:34997]...
JobSystem: Creating JobQueue using job-worker-count value 3
Input System module state changed to: Initialized.
[Physics::Module] Initialized fallback backend.
[Physics::Module] Id: 0xdecafbad
[Licensing::Client] Code 10 while verifying Licensing Client signature (process Id: 8332, path: "D:/Unity/Unity Hub/UnityLicensingClient_V1/Unity.Licensing.Client.exe")
[Licensing::Module] LicensingClient has failed validation; ignoring
[Licensing::Client] Handshaking with LicensingClient:
  Version:                 1.17.3+a4e98f1
  Session Id:              a5abc0d2cb2442f59c092b3f2d5856fe
  Correlation Id:          fa2cb8282dcf98d51abd7a788031ca8d
  External correlation Id: 6542263781413375488
  Machine Id:              XT8v1AEGxaRv6DD9oeST8EnIHBY=
[Licensing::Module] Successfully connected to LicensingClient on channel: "LicenseClient-Hector" (connect: 0.00s, validation: 0.00s, handshake: 0.06s)
[Licensing::IpcConnector] Successfully connected to: "LicenseClient-Hector-notifications" at "2025-10-26T08:04:45.0462612Z"
[Licensing::Module] Licensing Background thread has ended after 0.06s
Library Redirect Path: Library/
[Physics::Module] Selected backend.
[Physics::Module] Name: PhysX
[Physics::Module] Id: 0xf2b8ea05
[Physics::Module] SDK Version: 4.1.2
[Physics::Module] Integration Version: 1.0.0
[Physics::Module] Threading Mode: Multi-Threaded
Refreshing native plugins compatible for Editor in 10.01 ms, found 4 plugins.
Preloading 0 native plugins for Editor in 0.00 ms.
Initialize engine version: 6000.2.6f2 (4a4dcaec6541)
[Subsystems] Discovering subsystems at path D:/Unity/6000.2.6f2/Editor/Data/Resources/UnitySubsystems
[Subsystems] Discovering subsystems at path D:/factorial-omega-win-64/MiniGame2D/MDRG-mini2D/MDRG_MiniGame1/Assets
GfxDevice: creating device client; kGfxThreadingModeNonThreaded
d3d12: failed to query info queue interface (0x80004002).
Direct3D:
    Version:         Direct3D 12 [level 12.1]
    Renderer:        NVIDIA GeForce GTX 970 (ID=0x13c2)
    Vendor:          NVIDIA
    VRAM:            4030 MB
    App VRAM Budget: 3426 MB
    Driver:          32.0.15.6094
Initialize mono
Mono path[0] = 'D:/Unity/6000.2.6f2/Editor/Data/Managed'
Mono path[1] = 'D:/Unity/6000.2.6f2/Editor/Data/MonoBleedingEdge/lib/mono/unityjit-win32'
Mono config path = 'D:/Unity/6000.2.6f2/Editor/Data/MonoBleedingEdge/etc'
Using monoOptions --debugger-agent=transport=dt_socket,embedding=1,server=y,suspend=n,address=127.0.0.1:56864
Begin MonoManager ReloadAssembly
Registering precompiled unity dll's ...
Register platform support module: D:/Unity/6000.2.6f2/Editor/Data/PlaybackEngines/WindowsStandaloneSupport/UnityEditor.WindowsStandalone.Extensions.dll
[Licensing::Client] Successfully resolved entitlement details
[Licensing::Module] License group:
  Id: 2616096-UnityPersXXXX
  Product: Unity Personal
  Type: Assigned
  Expiration: Unlimited
Register platform support module: D:/Unity/6000.2.6f2/Editor/Data/PlaybackEngines/AndroidPlayer/UnityEditor.Android.Extensions.dll
Registered in 0.010710 seconds.
- Loaded All Assemblies, in  0.622 seconds
Native extension for Android target not found
Android Extension - Scanning For ADB Devices 374 ms
Native extension for WindowsStandalone target not found
Mono: successfully reloaded assembly
- Finished resetting the current domain, in  0.881 seconds
Domain Reload Profiling: 1490ms
	BeginReloadAssembly (191ms)
		ExecutionOrderSort (0ms)
		DisableScriptedObjects (0ms)
		BackupInstance (0ms)
		ReleaseScriptingObjects (0ms)
		CreateAndSetChildDomain (1ms)
	RebuildCommonClasses (49ms)
	RebuildNativeTypeToScriptingClass (24ms)
	initialDomainReloadingComplete (81ms)
	LoadAllAssembliesAndSetupDomain (262ms)
		LoadAssemblies (178ms)
		RebuildTransferFunctionScriptingTraits (0ms)
		AnalyzeDomain (258ms)
			TypeCache.Refresh (256ms)
				TypeCache.ScanAssembly (234ms)
			BuildScriptInfoCaches (0ms)
			ResolveRequiredComponents (1ms)
	FinalizeReload (882ms)
		ReleaseScriptCaches (0ms)
		RebuildScriptCaches (0ms)
		SetupLoadedEditorAssemblies (831ms)
			LogAssemblyErrors (0ms)
			InitializePlatformSupportModulesInManaged (518ms)
			SetLoadedEditorAssemblies (5ms)
			BeforeProcessingInitializeOnLoad (89ms)
			ProcessInitializeOnLoadAttributes (143ms)
			ProcessInitializeOnLoadMethodAttributes (77ms)
			AfterProcessingInitializeOnLoad (0ms)
			EditorAssembliesLoaded (0ms)
		ExecutionOrderSort2 (0ms)
		AwakeInstancesAfterBackupRestoration (0ms)
========================================================================
Worker process is ready to serve import requests
Import Worker Mode flag is 0x00
Begin MonoManager ReloadAssembly
[Licensing::Client] Successfully resolved entitlement details
- Loaded All Assemblies, in  1.648 seconds
Refreshing native plugins compatible for Editor in 5.81 ms, found 4 plugins.
Native extension for Android target not found
Native extension for WindowsStandalone target not found
Package Manager log level set to [2]
[Package Manager] Failed to launch server process. Reason: Unity was launched with the -noUpm command-line argument
[Package Manager] Unable to send message (not connected to server process).
[Package Manager] Cannot connect to Unity Package Manager local server
Mono: successfully reloaded assembly
- Finished resetting the current domain, in  1.383 seconds
Domain Reload Profiling: 2992ms
	BeginReloadAssembly (343ms)
		ExecutionOrderSort (0ms)
		DisableScriptedObjects (15ms)
		BackupInstance (0ms)
		ReleaseScriptingObjects (0ms)
		CreateAndSetChildDomain (42ms)
	RebuildCommonClasses (69ms)
	RebuildNativeTypeToScriptingClass (36ms)
	initialDomainReloadingComplete (143ms)
	LoadAllAssembliesAndSetupDomain (1017ms)
		LoadAssemblies (733ms)
		RebuildTransferFunctionScriptingTraits (0ms)
		AnalyzeDomain (458ms)
			TypeCache.Refresh (319ms)
				TypeCache.ScanAssembly (298ms)
			BuildScriptInfoCaches (120ms)
			ResolveRequiredComponents (15ms)
	FinalizeReload (1384ms)
		ReleaseScriptCaches (0ms)
		RebuildScriptCaches (0ms)
		SetupLoadedEditorAssemblies (1153ms)
			LogAssemblyErrors (0ms)
			InitializePlatformSupportModulesInManaged (13ms)
			SetLoadedEditorAssemblies (6ms)
			BeforeProcessingInitializeOnLoad (280ms)
			ProcessInitializeOnLoadAttributes (618ms)
			ProcessInitializeOnLoadMethodAttributes (212ms)
			AfterProcessingInitializeOnLoad (23ms)
			EditorAssembliesLoaded (0ms)
		ExecutionOrderSort2 (0ms)
		AwakeInstancesAfterBackupRestoration (19ms)
Launched and connected shader compiler UnityShaderCompiler.exe after 0.02 seconds
Refreshing native plugins compatible for Editor in 4.42 ms, found 4 plugins.
Preloading 0 native plugins for Editor in 0.00 ms.
Unloading 37 Unused Serialized files (Serialized files now loaded: 0)
Unloading 6798 unused Assets / (5.6 MB). Loaded Objects now: 7484.
Memory consumption went from 143.2 MB to 137.7 MB.
Total: 11.442600 ms (FindLiveObjects: 0.744300 ms CreateObjectMapping: 1.235800 ms MarkObjects: 6.142400 ms  DeleteObjects: 3.318800 ms)

========================================================================
Received Import Request.
  Time since last request: 231392.004630 seconds.
  path: Assets/Scenes/ShootingRange.unity
  artifactKey: Guid(eb31a7b65609bc54ab16ea16ab002c13) Importer(2089858483,192608db42251d675da83286b1cce702)
Start importing Assets/Scenes/ShootingRange.unity using Guid(eb31a7b65609bc54ab16ea16ab002c13) Importer(2089858483,192608db42251d675da83286b1cce702) (ScriptedImporter) -> (artifact id: 'd7c8fadcba77c5aa07fbfd7e72a72c2f') in 0.1988499 seconds
Number of updated asset objects reloaded before import = 0Number of asset objects unloaded after import = 1

========================================================================
Received Import Request.
  Time since last request: 0.000022 seconds.
  path: Assets/Resources/Prefabs/DecisionButton.prefab
  artifactKey: Guid(50053fb9621cef9458a0264356b97e43) Importer(2089858483,192608db42251d675da83286b1cce702)
Start importing Assets/Resources/Prefabs/DecisionButton.prefab using Guid(50053fb9621cef9458a0264356b97e43) Importer(2089858483,192608db42251d675da83286b1cce702) (ScriptedImporter) -> (artifact id: 'eeeadf6f628d94766c82e7bb775dd2e1') in 0.1746252 seconds
Number of updated asset objects reloaded before import = 0Number of asset objects unloaded after import = 21

========================================================================
Received Import Request.
  Time since last request: 0.000029 seconds.
  path: Assets/Resources/StaticData/DialogueStructure.csv
  artifactKey: Guid(6a2f7e53a1a0937418e82325dc1eb0ff) Importer(2089858483,192608db42251d675da83286b1cce702)
Start importing Assets/Resources/StaticData/DialogueStructure.csv using Guid(6a2f7e53a1a0937418e82325dc1eb0ff) Importer(2089858483,192608db42251d675da83286b1cce702) (ScriptedImporter) -> (artifact id: '1d2cb723309b0b693466dc85a3c06f44') in 0.0064588 seconds
Number of updated asset objects reloaded before import = 0Number of asset objects unloaded after import = 1

========================================================================
Received Import Request.
  Time since last request: 0.000016 seconds.
  path: Assets/Resources/StaticData/DialogueStructure.ods
  artifactKey: Guid(cd869bf46b8098045b37bc7f51674307) Importer(2089858483,192608db42251d675da83286b1cce702)
Start importing Assets/Resources/StaticData/DialogueStructure.ods using Guid(cd869bf46b8098045b37bc7f51674307) Importer(2089858483,192608db42251d675da83286b1cce702) (ScriptedImporter) -> (artifact id: 'bf9f9a0e7e8012b0c1c7da66bff3e394') in 0.0073205 seconds
Number of updated asset objects reloaded before import = 0Number of asset objects unloaded after import = 1

========================================================================
Received Import Request.
  Time since last request: 0.000015 seconds.
  path: Assets/Resources/StaticData/Example.ods
  artifactKey: Guid(24af918cb666d834fb91922e1b684081) Importer(2089858483,192608db42251d675da83286b1cce702)
Start importing Assets/Resources/StaticData/Example.ods using Guid(24af918cb666d834fb91922e1b684081) Importer(2089858483,192608db42251d675da83286b1cce702) (ScriptedImporter) -> (artifact id: '0aa08d8843a6c8627e7287bf9e552de0') in 0.0067048 seconds
Number of updated asset objects reloaded before import = 0Number of asset objects unloaded after import = 1

========================================================================
Received Import Request.
  Time since last request: 0.000018 seconds.
  path: Assets/Scripts/SpecificEvents/ShootingRange/TargetBehaviour.cs
  artifactKey: Guid(874a61c193d29ea44a7cd8d63245232f) Importer(2089858483,192608db42251d675da83286b1cce702)
Start importing Assets/Scripts/SpecificEvents/ShootingRange/TargetBehaviour.cs using Guid(874a61c193d29ea44a7cd8d63245232f) Importer(2089858483,192608db42251d675da83286b1cce702) (ScriptedImporter) -> (artifact id: '0fcb5f36a20599ce53afced4f738416c') in 0.0058279 seconds
Number of updated asset objects reloaded before import = 0Number of asset objects unloaded after import = 0

========================================================================
Received Import Request.
  Time since last request: 4.402411 seconds.
  path: Assets/Resources/Audio/Music/Just You and Me.mp3
  artifactKey: Guid(dee52ac2ca9c77042ae0a01df4e77b03) Importer(2089858483,192608db42251d675da83286b1cce702)
Start importing Assets/Resources/Audio/Music/Just You and Me.mp3 using Guid(dee52ac2ca9c77042ae0a01df4e77b03) Importer(2089858483,192608db42251d675da83286b1cce702) (ScriptedImporter) -> (artifact id: 'ed9763524768b58b8abc16f13a87d557') in 0.0614289 seconds
Number of updated asset objects reloaded before import = 0Number of asset objects unloaded after import = 1

========================================================================
Received Import Request.
  Time since last request: 0.000021 seconds.
  path: Assets/Resources/Audio/Music/Juiced.mp3
  artifactKey: Guid(3e6f482bfd1bea047b690caf3bd23ca4) Importer(2089858483,192608db42251d675da83286b1cce702)
Start importing Assets/Resources/Audio/Music/Juiced.mp3 using Guid(3e6f482bfd1bea047b690caf3bd23ca4) Importer(2089858483,192608db42251d675da83286b1cce702) (ScriptedImporter) -> (artifact id: '00395c28f92b898ca06a63d56f9076b3') in 0.0422664 seconds
Number of updated asset objects reloaded before import = 0Number of asset objects unloaded after import = 1

